<?xml version="1.0" encoding="UTF-8"?>
<!-- Generated by org.testng.reporters.JUnitReportReporter -->
<testsuite hostname="DESKTOP-TCC86SQ" failures="0" tests="5" name="homePagePackage.HomePageTestCases" time="0.207" errors="0" timestamp="2024-04-22T11:04:41 TRT" skipped="4">
  <testcase classname="homePagePackage.HomePageTestCases" name="addHighestAmount" time="0.207"/>
  <system-out/>
  <testcase classname="homePagePackage.HomePageTestCases" name="checkOut">
    <skipped/>
  </testcase> <!-- checkOut -->
  <system-out/>
  <testcase classname="homePagePackage.HomePageTestCases" name="addAllIitem">
    <skipped/>
  </testcase> <!-- addAllIitem -->
  <system-out/>
  <testcase classname="homePagePackage.HomePageTestCases" name="removeFiirstThird">
    <skipped/>
  </testcase> <!-- removeFiirstThird -->
  <system-out/>
  <testcase classname="homePagePackage.HomePageTestCases" name="addSecondRow">
    <skipped/>
  </testcase> <!-- addSecondRow -->
  <system-out/>
</testsuite> <!-- homePagePackage.HomePageTestCases -->
